[    0.000000] Linux version 4.15.0-129-generic (buildd@lcy01-amd64-017) (gcc version 7.5.0 (Ubuntu 7.5.0-3ubuntu1~18.04)) #132-Ubuntu SMP Thu Dec 10 14:02:26 UTC 2020 (Ubuntu 4.15.0-129.132-generic 4.15.18)
[    0.000000] Command line: BOOT_IMAGE=/boot/vmlinuz-4.15.0-129-generic root=LABEL=cloudimg-rootfs ro console=tty1 console=ttyS0
[    0.000000] KERNEL supported cpus:
[    0.000000]   Intel GenuineIntel
[    0.000000]   AMD AuthenticAMD
[    0.000000]   Centaur CentaurHauls
[    0.000000] x86/fpu: Supporting XSAVE feature 0x001: 'x87 floating point registers'
[    0.000000] x86/fpu: Supporting XSAVE feature 0x002: 'SSE registers'
[    0.000000] x86/fpu: Supporting XSAVE feature 0x004: 'AVX registers'
[    0.000000] x86/fpu: xstate_offset[2]:  576, xstate_sizes[2]:  256
[    0.000000] x86/fpu: Enabled xstate features 0x7, context size is 832 bytes, using 'standard' format.
[    0.000000] e820: BIOS-provided physical RAM map:
[    0.000000] BIOS-e820: [mem 0x0000000000000000-0x000000000009fbff] usable
[    0.000000] BIOS-e820: [mem 0x000000000009fc00-0x000000000009ffff] reserved
[    0.000000] BIOS-e820: [mem 0x00000000000f0000-0x00000000000fffff] reserved
[    0.000000] BIOS-e820: [mem 0x0000000000100000-0x000000007ffeffff] usable
[    0.000000] BIOS-e820: [mem 0x000000007fff0000-0x000000007fffffff] ACPI data
[    0.000000] BIOS-e820: [mem 0x00000000fec00000-0x00000000fec00fff] reserved
[    0.000000] BIOS-e820: [mem 0x00000000fee00000-0x00000000fee00fff] reserved
[    0.000000] BIOS-e820: [mem 0x00000000fffc0000-0x00000000ffffffff] reserved
[    0.000000] NX (Execute Disable) protection: active
[    0.000000] SMBIOS 2.5 present.
[    0.000000] DMI: innotek GmbH VirtualBox/VirtualBox, BIOS VirtualBox 12/01/2006
[    0.000000] Hypervisor detected: KVM
[    0.000000] e820: last_pfn = 0x7fff0 max_arch_pfn = 0x400000000
[    0.000000] MTRR: Disabled
[    0.000000] x86/PAT: MTRRs disabled, skipping PAT initialization too.
[    0.000000] CPU MTRRs all blank - virtualized system.
[    0.000000] x86/PAT: Configuration [0-7]: WB  WT  UC- UC  WB  WT  UC- UC  
[    0.000000] found SMP MP-table at [mem 0x0009fff0-0x0009ffff]
[    0.000000] Scanning 1 areas for low memory corruption
[    0.000000] RAMDISK: [mem 0x35a67000-0x36d2afff]
[    0.000000] ACPI: Early table checksum verification disabled
[    0.000000] ACPI: RSDP 0x00000000000E0000 000024 (v02 VBOX  )
[    0.000000] ACPI: XSDT 0x000000007FFF0030 00003C (v01 VBOX   VBOXXSDT 00000001 ASL  00000061)
[    0.000000] ACPI: FACP 0x000000007FFF00F0 0000F4 (v04 VBOX   VBOXFACP 00000001 ASL  00000061)
[    0.000000] ACPI: DSDT 0x000000007FFF0470 002325 (v02 VBOX   VBOXBIOS 00000002 INTL 20100528)
[    0.000000] ACPI: FACS 0x000000007FFF0200 000040
[    0.000000] ACPI: FACS 0x000000007FFF0200 000040
[    0.000000] ACPI: APIC 0x000000007FFF0240 00005C (v02 VBOX   VBOXAPIC 00000001 ASL  00000061)
[    0.000000] ACPI: SSDT 0x000000007FFF02A0 0001CC (v01 VBOX   VBOXCPUT 00000002 INTL 20100528)
[    0.000000] No NUMA configuration found
[    0.000000] Faking a node at [mem 0x0000000000000000-0x000000007ffeffff]
[    0.000000] NODE_DATA(0) allocated [mem 0x7ffc5000-0x7ffeffff]
[    0.000000] kvm-clock: cpu 0, msr 0:7ff44001, primary cpu clock
[    0.000000] kvm-clock: Using msrs 4b564d01 and 4b564d00
[    0.000000] kvm-clock: using sched offset of 3639738525 cycles
[    0.000000] clocksource: kvm-clock: mask: 0xffffffffffffffff max_cycles: 0x1cd42e4dffb, max_idle_ns: 881590591483 ns
[    0.000000] Zone ranges:
[    0.000000]   DMA      [mem 0x0000000000001000-0x0000000000ffffff]
[    0.000000]   DMA32    [mem 0x0000000001000000-0x000000007ffeffff]
[    0.000000]   Normal   empty
[    0.000000]   Device   empty
[    0.000000] Movable zone start for each node
[    0.000000] Early memory node ranges
[    0.000000]   node   0: [mem 0x0000000000001000-0x000000000009efff]
[    0.000000]   node   0: [mem 0x0000000000100000-0x000000007ffeffff]
[    0.000000] Reserved but unavailable: 98 pages
[    0.000000] Initmem setup node 0 [mem 0x0000000000001000-0x000000007ffeffff]
[    0.000000] ACPI: PM-Timer IO Port: 0x4008
[    0.000000] IOAPIC[0]: apic_id 2, version 32, address 0xfec00000, GSI 0-23
[    0.000000] ACPI: INT_SRC_OVR (bus 0 bus_irq 0 global_irq 2 dfl dfl)
[    0.000000] ACPI: INT_SRC_OVR (bus 0 bus_irq 9 global_irq 9 low level)
[    0.000000] Using ACPI (MADT) for SMP configuration information
[    0.000000] smpboot: Allowing 2 CPUs, 0 hotplug CPUs
[    0.000000] PM: Registered nosave memory: [mem 0x00000000-0x00000fff]
[    0.000000] PM: Registered nosave memory: [mem 0x0009f000-0x0009ffff]
[    0.000000] PM: Registered nosave memory: [mem 0x000a0000-0x000effff]
[    0.000000] PM: Registered nosave memory: [mem 0x000f0000-0x000fffff]
[    0.000000] e820: [mem 0x80000000-0xfebfffff] available for PCI devices
[    0.000000] Booting paravirtualized kernel on KVM
[    0.000000] clocksource: refined-jiffies: mask: 0xffffffff max_cycles: 0xffffffff, max_idle_ns: 7645519600211568 ns
[    0.000000] random: get_random_bytes called from start_kernel+0x99/0x500 with crng_init=0
[    0.000000] setup_percpu: NR_CPUS:8192 nr_cpumask_bits:2 nr_cpu_ids:2 nr_node_ids:1
[    0.000000] percpu: Embedded 45 pages/cpu s147456 r8192 d28672 u1048576
[    0.000000] PV qspinlock hash table entries: 256 (order: 0, 4096 bytes)
[    0.000000] Built 1 zonelists, mobility grouping on.  Total pages: 515961
[    0.000000] Policy zone: DMA32
[    0.000000] Kernel command line: BOOT_IMAGE=/boot/vmlinuz-4.15.0-129-generic root=LABEL=cloudimg-rootfs ro console=tty1 console=ttyS0
[    0.000000] Memory: 2015220K/2096696K available (12300K kernel code, 2482K rwdata, 4276K rodata, 2440K init, 2724K bss, 81476K reserved, 0K cma-reserved)
[    0.000000] SLUB: HWalign=64, Order=0-3, MinObjects=0, CPUs=2, Nodes=1
[    0.000000] ftrace: allocating 39421 entries in 154 pages
[    0.004000] Hierarchical RCU implementation.
[    0.004000] 	RCU restricting CPUs from NR_CPUS=8192 to nr_cpu_ids=2.
[    0.004000] 	Tasks RCU enabled.
[    0.004000] RCU: Adjusting geometry for rcu_fanout_leaf=16, nr_cpu_ids=2
[    0.004000] NR_IRQS: 524544, nr_irqs: 440, preallocated irqs: 16
[    0.004000] Console: colour VGA+ 80x25
[    0.004000] console [tty1] enabled
[    0.004000] console [ttyS0] enabled
[    0.004000] ACPI: Core revision 20170831
[    0.004000] ACPI: 2 ACPI AML tables successfully acquired and loaded
[    0.004000] APIC: Switch to symmetric I/O mode setup
[    0.004000] x2apic enabled
[    0.004000] Switched APIC routing to physical x2apic.
[    0.004000] ..TIMER: vector=0x30 apic1=0 pin1=2 apic2=-1 pin2=-1
[    0.004000] tsc: Detected 1190.398 MHz processor
[    0.004007] Calibrating delay loop (skipped) preset value.. 2380.79 BogoMIPS (lpj=4761592)
[    0.005065] pid_max: default: 32768 minimum: 301
[    0.005710] Security Framework initialized
[    0.006260] Yama: becoming mindful.
[    0.006758] AppArmor: AppArmor initialized
[    0.008000] Dentry cache hash table entries: 262144 (order: 9, 2097152 bytes)
[    0.010788] Inode-cache hash table entries: 131072 (order: 8, 1048576 bytes)
[    0.012013] Mount-cache hash table entries: 4096 (order: 3, 32768 bytes)
[    0.016006] Mountpoint-cache hash table entries: 4096 (order: 3, 32768 bytes)
[    0.017179] Last level iTLB entries: 4KB 0, 2MB 0, 4MB 0
[    0.017927] Last level dTLB entries: 4KB 0, 2MB 0, 4MB 0, 1GB 0
[    0.018715] Spectre V1 : Mitigation: usercopy/swapgs barriers and __user pointer sanitization
[    0.019791] Spectre V2 : Mitigation: Full generic retpoline
[    0.020002] Spectre V2 : Spectre v2 / SpectreRSB mitigation: Filling RSB on context switch
[    0.021048] Speculative Store Bypass: Vulnerable
[    0.021813] Freeing SMP alternatives memory: 36K
[    0.132772] smpboot: CPU0: Intel(R) Core(TM) i3-1005G1 CPU @ 1.20GHz (family: 0x6, model: 0x7e, stepping: 0x5)
[    0.134310] Performance Events: unsupported p6 CPU model 126 no PMU driver, software events only.
[    0.135673] Hierarchical SRCU implementation.
[    0.136043] NMI watchdog: Perf event create on CPU 0 failed with -2
[    0.136877] NMI watchdog: Perf NMI watchdog permanently disabled
[    0.137696] smp: Bringing up secondary CPUs ...
[    0.138387] x86: Booting SMP configuration:
[    0.138976] .... node  #0, CPUs:      #1
[    0.004000] kvm-clock: cpu 1, msr 0:7ff44041, secondary cpu clock
[    0.142220] smp: Brought up 1 node, 2 CPUs
[    0.142220] smpboot: Max logical packages: 1
[    0.142220] smpboot: Total of 2 processors activated (4761.59 BogoMIPS)
[    0.144122] devtmpfs: initialized
[    0.144521] x86/mm: Memory block size: 128MB
[    0.145280] evm: security.selinux
[    0.145791] evm: security.SMACK64
[    0.146272] evm: security.SMACK64EXEC
[    0.146785] evm: security.SMACK64TRANSMUTE
[    0.147350] evm: security.SMACK64MMAP
[    0.148002] evm: security.apparmor
[    0.148485] evm: security.ima
[    0.148911] evm: security.capability
[    0.149451] clocksource: jiffies: mask: 0xffffffff max_cycles: 0xffffffff, max_idle_ns: 7645041785100000 ns
[    0.149451] futex hash table entries: 512 (order: 3, 32768 bytes)
[    0.152066] pinctrl core: initialized pinctrl subsystem
[    0.152853] RTC time: 12:14:57, date: 01/06/21
[    0.153612] NET: Registered protocol family 16
[    0.154265] audit: initializing netlink subsys (disabled)
[    0.156016] audit: type=2000 audit(1609935303.180:1): state=initialized audit_enabled=0 res=1
[    0.157215] cpuidle: using governor ladder
[    0.157215] cpuidle: using governor menu
[    0.157215] ACPI: bus type PCI registered
[    0.157707] acpiphp: ACPI Hot Plug PCI Controller Driver version: 0.5
[    0.158601] PCI: Using configuration type 1 for base access
[    0.160781] HugeTLB registered 2.00 MiB page size, pre-allocated 0 pages
[    0.164069] ACPI: Added _OSI(Module Device)
[    0.164667] ACPI: Added _OSI(Processor Device)
[    0.165274] ACPI: Added _OSI(3.0 _SCP Extensions)
[    0.165901] ACPI: Added _OSI(Processor Aggregator Device)
[    0.166620] ACPI: Added _OSI(Linux-Dell-Video)
[    0.168002] ACPI: Added _OSI(Linux-Lenovo-NV-HDMI-Audio)
[    0.168692] ACPI: Added _OSI(Linux-HPI-Hybrid-Graphics)
[    0.169606] ACPI: Executed 1 blocks of module-level executable AML code
[    0.173252] ACPI: Interpreter enabled
[    0.173794] ACPI: (supports S0 S5)
[    0.174272] ACPI: Using IOAPIC for interrupt routing
[    0.175117] PCI: Using host bridge windows from ACPI; if necessary, use "pci=nocrs" and report a bug
[    0.176128] ACPI: Enabled 2 GPEs in block 00 to 07
[    0.182117] ACPI: PCI Root Bridge [PCI0] (domain 0000 [bus 00-ff])
[    0.182989] acpi PNP0A03:00: _OSC: OS supports [ASPM ClockPM Segments MSI]
[    0.184039] acpi PNP0A03:00: _OSC: not requesting OS control; OS requires [ExtendedConfig ASPM ClockPM MSI]
[    0.185298] acpi PNP0A03:00: fail to add MMCONFIG information, can't access extended PCI configuration space under this bridge.
[    0.187072] PCI host bridge to bus 0000:00
[    0.187632] pci_bus 0000:00: root bus resource [io  0x0000-0x0cf7 window]
[    0.188002] pci_bus 0000:00: root bus resource [io  0x0d00-0xffff window]
[    0.188899] pci_bus 0000:00: root bus resource [mem 0x000a0000-0x000bffff window]
[    0.189890] pci_bus 0000:00: root bus resource [mem 0x80000000-0xfdffffff window]
[    0.190913] pci_bus 0000:00: root bus resource [bus 00-ff]
[    0.193533] pci 0000:00:01.1: legacy IDE quirk: reg 0x10: [io  0x01f0-0x01f7]
[    0.194463] pci 0000:00:01.1: legacy IDE quirk: reg 0x14: [io  0x03f6]
[    0.195335] pci 0000:00:01.1: legacy IDE quirk: reg 0x18: [io  0x0170-0x0177]
[    0.196002] pci 0000:00:01.1: legacy IDE quirk: reg 0x1c: [io  0x0376]
[    0.216949] pci 0000:00:07.0: quirk: [io  0x4000-0x403f] claimed by PIIX4 ACPI
[    0.218456] pci 0000:00:07.0: quirk: [io  0x4100-0x410f] claimed by PIIX4 SMB
[    0.231421] ACPI: PCI Interrupt Link [LNKA] (IRQs 5 9 10 *11)
[    0.232323] ACPI: PCI Interrupt Link [LNKB] (IRQs 5 9 *10 11)
[    0.233201] ACPI: PCI Interrupt Link [LNKC] (IRQs 5 *9 10 11)
[    0.234036] ACPI: PCI Interrupt Link [LNKD] (IRQs 5 9 10 *11)
[    0.235079] SCSI subsystem initialized
[    0.236039] pci 0000:00:02.0: vgaarb: setting as boot VGA device
[    0.236789] pci 0000:00:02.0: vgaarb: VGA device added: decodes=io+mem,owns=io+mem,locks=none
[    0.237882] pci 0000:00:02.0: vgaarb: bridge control possible
[    0.238675] vgaarb: loaded
[    0.239105] ACPI: bus type USB registered
[    0.239669] usbcore: registered new interface driver usbfs
[    0.240014] usbcore: registered new interface driver hub
[    0.240724] usbcore: registered new device driver usb
[    0.241430] EDAC MC: Ver: 3.0.0
[    0.241430] PCI: Using ACPI for IRQ routing
[    0.241430] NetLabel: Initializing
[    0.244006] NetLabel:  domain hash size = 128
[    0.244589] NetLabel:  protocols = UNLABELED CIPSOv4 CALIPSO
[    0.245330] NetLabel:  unlabeled traffic allowed by default
[    0.246115] clocksource: Switched to clocksource kvm-clock
[    0.261309] VFS: Disk quotas dquot_6.6.0
[    0.261899] VFS: Dquot-cache hash table entries: 512 (order 0, 4096 bytes)
[    0.262870] AppArmor: AppArmor Filesystem Enabled
[    0.263547] pnp: PnP ACPI init
[    0.264785] pnp: PnP ACPI: found 3 devices
[    0.272771] clocksource: acpi_pm: mask: 0xffffff max_cycles: 0xffffff, max_idle_ns: 2085701024 ns
[    0.273982] NET: Registered protocol family 2
[    0.274733] TCP established hash table entries: 16384 (order: 5, 131072 bytes)
[    0.275720] TCP bind hash table entries: 16384 (order: 6, 262144 bytes)
[    0.276620] TCP: Hash tables configured (established 16384 bind 16384)
[    0.280189] UDP hash table entries: 1024 (order: 3, 32768 bytes)
[    0.281048] UDP-Lite hash table entries: 1024 (order: 3, 32768 bytes)
[    0.281901] NET: Registered protocol family 1
[    0.282527] pci 0000:00:00.0: Limiting direct PCI/PCI transfers
[    0.283322] pci 0000:00:01.0: Activating ISA DMA hang workarounds
[    0.284189] pci 0000:00:02.0: Video device with shadowed ROM at [mem 0x000c0000-0x000dffff]
[    0.285382] Unpacking initramfs...
[    0.592917] Freeing initrd memory: 19216K
[    0.593846] clocksource: tsc: mask: 0xffffffffffffffff max_cycles: 0x1128ad124ce, max_idle_ns: 440795238217 ns
[    0.595491] platform rtc_cmos: registered platform RTC device (no PNP device found)
[    0.597290] Scanning for low memory corruption every 60 seconds
[    0.599155] Initialise system trusted keyrings
[    0.599780] Key type blacklist registered
[    0.600438] workingset: timestamp_bits=36 max_order=19 bucket_order=0
[    0.601970] zbud: loaded
[    0.604159] squashfs: version 4.0 (2009/01/31) Phillip Lougher
[    0.605111] fuse init (API version 7.26)
[    0.607134] Key type asymmetric registered
[    0.607705] Asymmetric key parser 'x509' registered
[    0.608386] Block layer SCSI generic (bsg) driver version 0.4 loaded (major 246)
[    0.609468] io scheduler noop registered
[    0.610037] io scheduler deadline registered
[    0.610670] io scheduler cfq registered (default)
[    0.611550] ACPI: AC Adapter [AC] (on-line)
[    0.612170] input: Power Button as /devices/LNXSYSTM:00/LNXPWRBN:00/input/input0
[    0.613229] ACPI: Power Button [PWRF]
[    0.613785] input: Sleep Button as /devices/LNXSYSTM:00/LNXSLPBN:00/input/input1
[    0.614769] ACPI: Sleep Button [SLPF]
[    0.616092] ACPI: Battery Slot [BAT0] (battery present)
[    0.616166] Serial: 8250/16550 driver, 32 ports, IRQ sharing enabled
[    0.638262] 00:02: ttyS0 at I/O 0x3f8 (irq = 4, base_baud = 115200) is a 16550A
[    0.640301] Linux agpgart interface v0.103
[    0.644634] loop: module loaded
[    0.645683] scsi host0: ata_piix
[    0.646251] scsi host1: ata_piix
[    0.646740] ata1: PATA max UDMA/33 cmd 0x1f0 ctl 0x3f6 bmdma 0xd000 irq 14
[    0.647626] ata2: PATA max UDMA/33 cmd 0x170 ctl 0x376 bmdma 0xd008 irq 15
[    0.648606] libphy: Fixed MDIO Bus: probed
[    0.649203] tun: Universal TUN/TAP device driver, 1.6
[    0.649914] PPP generic driver version 2.4.2
[    0.650572] ehci_hcd: USB 2.0 'Enhanced' Host Controller (EHCI) Driver
[    0.651397] ehci-pci: EHCI PCI platform driver
[    0.652037] ehci-platform: EHCI generic platform driver
[    0.652772] ohci_hcd: USB 1.1 'Open' Host Controller (OHCI) Driver
[    0.653578] ohci-pci: OHCI PCI platform driver
[    0.654184] ohci-platform: OHCI generic platform driver
[    0.654881] uhci_hcd: USB Universal Host Controller Interface driver
[    0.655748] i8042: PNP: PS/2 Controller [PNP0303:PS2K,PNP0f03:PS2M] at 0x60,0x64 irq 1,12
[    0.657384] serio: i8042 KBD port at 0x60,0x64 irq 1
[    0.658063] serio: i8042 AUX port at 0x60,0x64 irq 12
[    0.658774] mousedev: PS/2 mouse device common for all mice
[    0.659745] input: AT Translated Set 2 keyboard as /devices/platform/i8042/serio0/input/input2
[    0.661234] rtc_cmos rtc_cmos: rtc core: registered rtc_cmos as rtc0
[    0.662106] rtc_cmos rtc_cmos: alarms up to one day, 114 bytes nvram
[    0.662958] i2c /dev entries driver
[    0.663480] device-mapper: uevent: version 1.0.3
[    0.664177] device-mapper: ioctl: 4.37.0-ioctl (2017-09-20) initialised: dm-devel@redhat.com
[    0.665298] ledtrig-cpu: registered to indicate activity on CPUs
[    0.668470] NET: Registered protocol family 10
[    0.671960] Segment Routing with IPv6
[    0.672549] NET: Registered protocol family 17
[    0.673206] Key type dns_resolver registered
[    0.673968] mce: Using 0 MCE banks
[    0.674455] RAS: Correctable Errors collector initialized.
[    0.675192] sched_clock: Marking stable (673892522, 0)->(816568249, -142675727)
[    0.676406] registered taskstats version 1
[    0.676967] Loading compiled-in X.509 certificates
[    0.679362] Loaded X.509 cert 'Build time autogenerated kernel key: c0b12e93431a85da2633d00ac393f61630080db8'
[    0.680742] zswap: loaded using pool lzo/zbud
[    0.684837] Key type big_key registered
[    0.685402] Key type trusted registered
[    0.687312] Key type encrypted registered
[    0.687879] AppArmor: AppArmor sha1 policy hashing enabled
[    0.688641] ima: No TPM chip found, activating TPM-bypass! (rc=-19)
[    0.689438] ima: Allocated hash algorithm: sha1
[    0.690108] evm: HMAC attrs: 0x1
[    0.690774]   Magic number: 5:857:227
[    0.691334] acpi PNP0200:00: hash matches
[    0.691953] rtc_cmos rtc_cmos: setting system clock to 2021-01-06 12:14:58 UTC (1609935298)
[    0.693206] BIOS EDD facility v0.16 2004-Jun-25, 0 devices found
[    0.693985] EDD information not available.
[    1.163798] Freeing unused kernel image memory: 2440K
[    1.176179] Write protecting the kernel read-only data: 20480k
[    1.177822] Freeing unused kernel image memory: 2008K
[    1.178807] Freeing unused kernel image memory: 1868K
[    1.183594] x86/mm: Checked W+X mappings: passed, no W+X pages found.
Loading, please wait...
starting version 237
[    1.227251] e1000: Intel(R) PRO/1000 Network Driver - version 7.3.21-k8-NAPI
[    1.228475] e1000: Copyright (c) 1999-2006 Intel Corporation.
[    1.234016] Fusion MPT base driver 3.04.20
[    1.234738] Copyright (c) 1999-2008 LSI Corporation
[    1.249061] Fusion MPT SPI Host driver 3.04.20
[    1.253856] AVX2 version of gcm_enc/dec engaged.
[    1.254971] AES CTR mode by8 optimization enabled
[    1.469292] input: ImExPS/2 Generic Explorer Mouse as /devices/platform/i8042/serio1/input/input4
[    1.608066] e1000 0000:00:03.0 eth0: (PCI:33MHz:32-bit) 02:32:ba:d6:6d:1a
[    1.609196] e1000 0000:00:03.0 eth0: Intel(R) PRO/1000 Network Connection
[    1.980375] e1000 0000:00:08.0 eth1: (PCI:33MHz:32-bit) 08:00:27:c4:87:a3
[    1.981530] e1000 0000:00:08.0 eth1: Intel(R) PRO/1000 Network Connection
[    1.983313] e1000 0000:00:08.0 enp0s8: renamed from eth1
[    1.984186] mptbase: ioc0: Initiating bringup
[    2.000476] e1000 0000:00:03.0 enp0s3: renamed from eth0
[    2.081189] ioc0: LSI53C1030 A0: Capabilities={Initiator}
[    2.331075] scsi host2: ioc0: LSI53C1030 A0, FwRev=00000000h, Ports=1, MaxQ=256, IRQ=20
[    2.502126] scsi 2:0:0:0: Direct-Access     VBOX     HARDDISK         1.0  PQ: 0 ANSI: 5
[    3.367169] scsi target2:0:0: Beginning Domain Validation
[    3.369728] scsi target2:0:0: Domain Validation skipping write tests
[    3.370746] scsi target2:0:0: Ending Domain Validation
[    3.371568] scsi target2:0:0: asynchronous
[    3.372664] scsi 2:0:1:0: Direct-Access     VBOX     HARDDISK         1.0  PQ: 0 ANSI: 5
[    4.140487] scsi target2:0:1: Beginning Domain Validation
[    4.141873] random: fast init done
[    4.142432] scsi target2:0:1: Domain Validation skipping write tests
[    4.143277] scsi target2:0:1: Ending Domain Validation
[    4.144012] scsi target2:0:1: asynchronous
[    4.147236] random: systemd-udevd: uninitialized urandom read (16 bytes read)
[    4.148233] random: systemd-udevd: uninitialized urandom read (16 bytes read)
[    4.149224] random: systemd-udevd: uninitialized urandom read (16 bytes read)
[    4.150876] sd 2:0:0:0: [sda] 20971520 512-byte logical blocks: (10.7 GB/10.0 GiB)
[    4.151990] sd 2:0:0:0: [sda] Write Protect is off
[    4.152811] sd 2:0:0:0: [sda] Incomplete mode parameter data
[    4.153577] sd 2:0:0:0: [sda] Assuming drive cache: write through
[    4.154504] sd 2:0:0:0: Attached scsi generic sg0 type 0
[    4.155965] sd 2:0:1:0: [sdb] 20480 512-byte logical blocks: (10.5 MB/10.0 MiB)
[    4.157538]  sda: sda1
[    4.158325] sd 2:0:1:0: [sdb] Write Protect is off
[    4.158513] sd 2:0:1:0: Attached scsi generic sg1 type 0
[    4.160403] sd 2:0:1:0: [sdb] Incomplete mode parameter data
[    4.162340] sd 2:0:1:0: [sdb] Assuming drive cache: write through
[    4.164218] sd 2:0:0:0: [sda] Attached SCSI disk
[    4.165464] sd 2:0:1:0: [sdb] Attached SCSI disk
Begin: Loading essential drivers ... [    5.592148] raid6: sse2x1   gen() 13419 MB/s
[    5.640336] raid6: sse2x1   xor()  7272 MB/s
[    5.688050] raid6: sse2x2   gen() 16919 MB/s
[    5.736691] raid6: sse2x2   xor() 11179 MB/s
[    5.784384] raid6: sse2x4   gen() 17753 MB/s
[    5.832085] raid6: sse2x4   xor() 10756 MB/s
[    5.880777] raid6: avx2x1   gen() 20443 MB/s
[    5.928429] raid6: avx2x1   xor() 14940 MB/s
[    5.976103] raid6: avx2x2   gen() 32657 MB/s
[    6.024774] raid6: avx2x2   xor() 22523 MB/s
[    6.072503] raid6: avx2x4   gen() 31594 MB/s
[    6.120199] raid6: avx2x4   xor() 17745 MB/s
[    6.121002] raid6: using algorithm avx2x2 gen() 32657 MB/s
[    6.121875] raid6: .... xor() 22523 MB/s, rmw enabled
[    6.122795] raid6: using avx2x2 recovery algorithm
[    6.124793] xor: automatically using best checksumming function   avx       
[    6.126850] async_tx: api initialized (async)
done.
Begin: Running /scripts/init-premount ... done.
Begin: Mounting root file system ... Begin: Running /scripts/local-top ... done.
Begin: Running /scripts/local-premount ... [    6.169005] Btrfs loaded, crc32c=crc32c-intel
Scanning for Btrfs filesystems
done.
Warning: fsck not present, so skipping root file system
[    6.193267] EXT4-fs (sda1): mounted filesystem with ordered data mode. Opts: (null)
done.
Begin: Running /scripts/local-bottom ... done.
Begin: Running /scripts/init-bottom ... done.
[    6.329866] ip_tables: (C) 2000-2006 Netfilter Core Team
[    6.338122] systemd[1]: systemd 237 running in system mode. (+PAM +AUDIT +SELINUX +IMA +APPARMOR +SMACK +SYSVINIT +UTMP +LIBCRYPTSETUP +GCRYPT +GNUTLS +ACL +XZ +LZ4 +SECCOMP +BLKID +ELFUTILS +KMOD -IDN2 +IDN -PCRE2 default-hierarchy=hybrid)
[    6.341487] systemd[1]: Detected virtualization oracle.
[    6.342225] systemd[1]: Detected architecture x86-64.

Welcome to [1mUbuntu 18.04.5 LTS[0m!

[    6.346993] systemd[1]: Set hostname to <ubuntu>.
[    6.351106] systemd[1]: Initializing machine ID from random generator.
[    6.352109] systemd[1]: Installed transient /etc/machine-id file.
[    6.557443] systemd[1]: Set up automount Arbitrary Executable File Formats File System Automount Point.
[[0;32m  OK  [0m] Set up automount Arbitrary Executab…rmats File System Automount Point.
[    6.561052] systemd[1]: Created slice System Slice.
[[0;32m  OK  [0m] Created slice System Slice.
[    6.562457] systemd[1]: Listening on LVM2 poll daemon socket.
[[0;32m  OK  [0m] Listening on LVM2 poll daemon socket.
[    6.564304] systemd[1]: Listening on udev Control Socket.
[[0;32m  OK  [0m] Listening on udev Control Socket.
[[0;32m  OK  [0m] Started Forward Password Requests to Wall Directory Watch.
[[0;32m  OK  [0m] Listening on udev Kernel Socket.
[[0;32m  OK  [0m] Created slice system-serial\x2dgetty.slice.
[[0;32m  OK  [0m] Listening on LVM2 metadata daemon socket.
[[0;32m  OK  [0m] Listening on Network Service Netlink Socket.
[[0;32m  OK  [0m] Listening on Journal Socket.
         Mounting Huge Pages File System...
         Mounting POSIX Message Queue File System...
         Starting udev Coldplug all Devices...
         Starting Remount Root and Kernel File Systems...
         Mounting Kernel Debug File System...
         Starting Set the console keyboard layout...
[[0;32m  OK  [0m] Listening on Device-mapper event daemon FIFOs.
         Starting Monitoring of LVM2 mirrors…ng dmeventd or progress polling...
         Starting Load Kernel Modules...
[    6.609033] EXT4-fs (sda1): re-mounted. Opts: (null)
[[0;32m  OK  [0m] Reached target User and Group Name Lookups.
[[0;32m  OK  [0m] Reached target System Time Synchronized.
[[0;32m  OK  [0m] Reached target Swap.
         Starting Create list of required st…ce nodes for the current kernel...
         Starting Uncomplicated firewall...
[[0;32m  OK  [0m] Created slice User and Session Slice.
[[0;32m  OK  [0m] Reached target Slices.
[[0;32m  OK  [0m] Listening on Syslog Socket.
[[0;32m  OK  [0m] Listening on /dev/initctl Compatibility Named Pipe.
[[0;32m  OK  [0m] Listening on Journal Socket (/dev/log).
[[0;32m  OK  [0m] Listening on Journal Audit Socket.
         Starting Journal Service...
[[0;32m  OK  [0m] Mounted Huge Pages File System.
[[0;32m  OK  [0m] Mounted POSIX Message Queue File System.
[[0;32m  OK  [0m] Started Remount Root and Kernel File Systems.
[[0;32m  OK  [0m] Mounted Kernel Debug File System.
[    6.641846] Loading iSCSI transport class v2.0-870.
[    6.649166] iscsi: registered transport (tcp)
         Starting Load/Save Random Seed...
[[0;32m  OK  [0m] Started Create list of required sta…vice nodes for the current kernel.
[[0;32m  OK  [0m] Started Uncomplicated firewall.
[[0;32m  OK  [0m] Started udev Coldplug all Devices.
         Starting Create Static Device Nodes in /dev...
[[0;32m  OK  [0m] Started Journal Service.
         Starting Flush Journal to Persistent Storage...
[[0;32m  OK  [0m] Started LVM2 metadata daemon.
[    6.719224] iscsi: registered transport (iser)
[[0;32m  OK  [0m] Started Load Kernel Modules.
         Mounting Kernel Configuration File System...
         Starting Apply Kernel Variables...
         Mounting FUSE Control File System...
[[0;32m  OK  [0m] Mounted Kernel Configuration File System.
[[0;32m  OK  [0m] Mounted FUSE Control File System.
[[0;32m  OK  [0m] Started Load/Save Random Seed.
[[0;32m  OK  [0m] Started Create Static Device Nodes in /dev.
         Starting udev Kernel Device Manager...
[    6.747096] systemd-journald[407]: Received request to flush runtime journal from PID 1
[[0;32m  OK  [0m] Started Monitoring of LVM2 mirrors,…sing dmeventd or progress polling.
[[0;32m  OK  [0m] Started Apply Kernel Variables.
[[0;32m  OK  [0m] Started udev Kernel Device Manager.
[[0;32m  OK  [0m] Started Flush Journal to Persistent Storage.
[[0;32m  OK  [0m] Started Set the console keyboard layout.
[[0;32m  OK  [0m] Reached target Local File Systems (Pre).
[[0;32m  OK  [0m] Reached target Local File Systems.
         Starting Commit a transient machine-id on disk...
         Starting Create Volatile Files and Directories...
         Starting Set console font and keymap...
         Starting AppArmor initialization...
         Starting ebtables ruleset management...
         Starting Tell Plymouth To Write Out Runtime Data...
[[0;32m  OK  [0m] Started Dispatch Password Requests to Console Directory Watch.
[[0;32m  OK  [0m] Reached target Local Encrypted Volumes.
[[0;32m  OK  [0m] Started Set console font and keymap.
[[0;32m  OK  [0m] Started Create Volatile Files and Directories.
         Starting Update UTMP about System Boot/Shutdown...
[[0;32m  OK  [0m] Started Tell Plymouth To Write Out Runtime Data.
[[0;32m  OK  [0m] Started Update UTMP about System Boot/Shutdown.
[[0;32m  OK  [0m] Started Commit a transient machine-id on disk.
[[0;32m  OK  [0m] Started ebtables ruleset management.
[[0;32m  OK  [0m] Found device /dev/ttyS0.
[[0;32m  OK  [0m] Listening on Load/Save RF Kill Switch Status /dev/rfkill Watch.
[[0;32m  OK  [0m] Started AppArmor initialization.
         Starting Load AppArmor profiles managed internally by snapd...
         Starting Initial cloud-init job (pre-networking)...
[[0;32m  OK  [0m] Started Load AppArmor profiles managed internally by snapd.
[    8.798836] cloud-init[561]: Cloud-init v. 20.4-0ubuntu1~18.04.1 running 'init-local' at Wed, 06 Jan 2021 12:15:06 +0000. Up 8.52 seconds.
[[0;32m  OK  [0m] Started Initial cloud-init job (pre-networking).
[[0;32m  OK  [0m] Reached target Network (Pre).
         Starting Network Service...
[[0;32m  OK  [0m] Started Network Service.
         Starting Network Name Resolution...
         Starting Wait for Network to be Configured...
[[0;32m  OK  [0m] Started Network Name Resolution.
[[0;32m  OK  [0m] Reached target Network.
[[0;32m  OK  [0m] Reached target Host and Network Name Lookups.
[[0;32m  OK  [0m] Started Wait for Network to be Configured.
         Starting Initial cloud-init job (metadata service crawler)...
[   10.418068] cloud-init[680]: Cloud-init v. 20.4-0ubuntu1~18.04.1 running 'init' at Wed, 06 Jan 2021 12:15:08 +0000. Up 10.30 seconds.
[   10.420244] cloud-init[680]: ci-info: ++++++++++++++++++++++++++++++++++++++Net device info+++++++++++++++++++++++++++++++++++++++
[   10.421793] cloud-init[680]: ci-info: +--------+-------+----------------------------+---------------+--------+-------------------+
[   10.437095] cloud-init[680]: ci-info: | Device |   Up  |          Address           |      Mask     | Scope  |     Hw-Address    |
[   10.438569] cloud-init[680]: ci-info: +--------+-------+----------------------------+---------------+--------+-------------------+
[   10.440080] cloud-init[680]: ci-info: | enp0s3 |  True |         10.0.2.15          | 255.255.255.0 | global | 02:32:ba:d6:6d:1a |
[   10.441983] cloud-init[680]: ci-info: | enp0s3 |  True | fe80::32:baff:fed6:6d1a/64 |       .       |  link  | 02:32:ba:d6:6d:1a |
[   10.443104] cloud-init[680]: ci-info: | enp0s8 | False |             .              |       .       |   .    | 08:00:27:c4:87:a3 |
[   10.444291] cloud-init[680]: ci-info: |   lo   |  True |         127.0.0.1          |   255.0.0.0   |  host  |         .         |
[   10.445439] cloud-init[680]: ci-info: |   lo   |  True |          ::1/128           |       .       |  host  |         .         |
[   10.446581] cloud-init[680]: ci-info: +--------+-------+----------------------------+---------------+--------+-------------------+
[   10.447748] cloud-init[680]: ci-info: ++++++++++++++++++++++++++++Route IPv4 info+++++++++++++++++++++++++++++
[   10.448808] cloud-init[680]: ci-info: +-------+-------------+----------+-----------------+-----------+-------+
[   10.449839] cloud-init[680]: ci-info: | Route | Destination | Gateway  |     Genmask     | Interface | Flags |
[   10.450859] cloud-init[680]: ci-info: +-------+-------------+----------+-----------------+-----------+-------+
[   10.451856] cloud-init[680]: ci-info: |   0   |   0.0.0.0   | 10.0.2.2 |     0.0.0.0     |   enp0s3  |   UG  |
[   10.452877] cloud-init[680]: ci-info: |   1   |   10.0.2.0  | 0.0.0.0  |  255.255.255.0  |   enp0s3  |   U   |
[   10.453863] cloud-init[680]: ci-info: |   2   |   10.0.2.2  | 0.0.0.0  | 255.255.255.255 |   enp0s3  |   UH  |
[   10.454812] cloud-init[680]: ci-info: +-------+-------------+----------+-----------------+-----------+-------+
[   10.455792] cloud-init[680]: ci-info: +++++++++++++++++++Route IPv6 info+++++++++++++++++++
[   10.456659] cloud-init[680]: ci-info: +-------+-------------+---------+-----------+-------+
[   10.457496] cloud-init[680]: ci-info: | Route | Destination | Gateway | Interface | Flags |
[   10.458356] cloud-init[680]: ci-info: +-------+-------------+---------+-----------+-------+
[   10.459261] cloud-init[680]: ci-info: |   1   |  fe80::/64  |    ::   |   enp0s3  |   U   |
[   10.460176] cloud-init[680]: ci-info: |   3   |    local    |    ::   |   enp0s3  |   U   |
[   10.461039] cloud-init[680]: ci-info: |   4   |   ff00::/8  |    ::   |   enp0s3  |   U   |
[   10.461906] cloud-init[680]: ci-info: +-------+-------------+---------+-----------+-------+
[   11.142250] cloud-init[680]: Generating public/private rsa key pair.
[   11.143095] cloud-init[680]: Your identification has been saved in /etc/ssh/ssh_host_rsa_key.
[   11.144114] cloud-init[680]: Your public key has been saved in /etc/ssh/ssh_host_rsa_key.pub.
[   11.145079] cloud-init[680]: The key fingerprint is:
[   11.145668] cloud-init[680]: SHA256:zAnsYFEWSSLC+OmCh7WzpG/a0+iH6job/MTPa2dY8FQ root@ubuntu-bionic
[   11.146697] cloud-init[680]: The key's randomart image is:
[   11.147424] cloud-init[680]: +---[RSA 2048]----+
[   11.148043] cloud-init[680]: |+ . oo=o         |
[   11.148582] cloud-init[680]: |.o . =.  E       |
[   11.149173] cloud-init[680]: | . .o o .        |
[   11.149748] cloud-init[680]: |  +. + = .       |
[   11.150367] cloud-init[680]: |.+ .  = S        |
[   11.160837] cloud-init[680]: |= B    o         |
[   11.161448] cloud-init[680]: |.* O  o          |
[   11.162084] cloud-init[680]: |ooO =o o         |
[   11.172446] cloud-init[680]: |BX++.++          |
[   11.172974] cloud-init[680]: +----[SHA256]-----+
[   11.173434] cloud-init[680]: Generating public/private dsa key pair.
[   11.173998] cloud-init[680]: Your identification has been saved in /etc/ssh/ssh_host_dsa_key.
[   11.174725] cloud-init[680]: Your public key has been saved in /etc/ssh/ssh_host_dsa_key.pub.
[   11.175421] cloud-init[680]: The key fingerprint is:
[   11.175862] cloud-init[680]: SHA256:xT8NtG0N3oghoPWvN2HIPQ/U9iv/jb6j4wAISY1h34U root@ubuntu-bionic
[   11.176625] cloud-init[680]: The key's randomart image is:
[   11.177111] cloud-init[680]: +---[DSA 1024]----+
[   11.177573] cloud-init[680]: |    ++  ooo o .  |
[   11.178007] cloud-init[680]: |   o.o.+E+ o B = |
[   11.178429] cloud-init[680]: |    o o . + = B o|
[   11.178862] cloud-init[680]: |     . . o * = . |
[   11.179321] cloud-init[680]: |      . S o X . .|
[   11.179754] cloud-init[680]: |         . o *  .|
[   11.180268] cloud-init[680]: |          o o... |
[   11.180814] cloud-init[680]: |           o..+..|
[   11.181383] cloud-init[680]: |           .o++++|
[   11.181947] cloud-init[680]: +----[SHA256]-----+
[   11.182508] cloud-init[680]: Generating public/private ecdsa key pair.
[   11.183314] cloud-init[680]: Your identification has been saved in /etc/ssh/ssh_host_ecdsa_key.
[   11.184126] cloud-init[680]: Your public key has been saved in /etc/ssh/ssh_host_ecdsa_key.pub.
[   11.184860] cloud-init[680]: The key fingerprint is:
[   11.185310] cloud-init[680]: SHA256:sJ7/+BVsVJrmg1bfu8DBG7LmZkmuVdy83URmsxKyshE root@ubuntu-bionic
[   11.186051] cloud-init[680]: The key's randomart image is:
[[   11.196170] cloud-init[680]: +---[ECDSA 256]---+
[   11.196269] cloud-init[680]: |              .  |
[   11.196675] cloud-init[680]: |             +   |
[   11.197085] cloud-init[680]: |      .  E .*. .+|
[   11.197410] cloud-init[680]: |       o  .B=.+=o|
[   11.197809] cloud-init[680]: |      . Sooo*B.+o|
[   11.198051] cloud-init[680]: |     . . .+o=o=.=|
[   11.198432] cloud-init[680]: |      o  .o+o+ oo|
[   11.198644] cloud-init[680]: |       . .+*  . .|
[   11.199047] cloud-init[680]: |        o+*.   . |
[   11.199469] cloud-init[680]: +----[SHA256]-----+
[   11.200317] cloud-init[680]: Generating public/private ed25519 key pair.
[   11.200978] cloud-init[680]: Your identification has been saved in /etc/ssh/ssh_host_ed25519_key.
[   11.201406] cloud-init[680]: Your public key has been saved in /etc/ssh/ssh_host_ed25519_key.pub.
[   11.201540] cloud-init[680]: The key fingerprint is:
[   11.201895] cloud-init[680]: SHA256:y5/xEbIyVA3XunVQnRZw8dGDKv99E6JbzTSeU6DGYno root@ubuntu-bionic
[   11.202281] cloud-init[680]: The key's randomart image is:
[   11.202415] cloud-init[680]: +--[ED25519 256]--+
[   11.202813] cloud-init[680]: |          . .oo*B|
[   11.203224] cloud-init[680]: |           + .++=|
[   11.203574] cloud-init[680]: |          . o.o.o|
[   11.203877] cloud-init[680]: |         o o.....|
[   11.204096] cloud-init[680]: |        S * =o +.|
[   11.204648] cloud-init[680]: |       o + *.o=.+|
[   11.205094] cloud-init[680]: |        * E +.o*.|
[   11.205574] cloud-init[680]: |         = =.o oo|
[   11.206004] cloud-init[680]: |          o.o   o|
[   11.206142] cloud-init[680]: +----[SHA256]-----+
[0;32m  OK  [0m] Started Initial cloud-init job (metadata service crawler).
[[0;32m  OK  [0m] Reached target Cloud-config availability.
[[0;32m  OK  [0m] Reached target System Initialization.
[[0;32m  OK  [0m] Listening on Open-iSCSI iscsid Socket.
         Starting Socket activation for snappy daemon.
[[0;32m  OK  [0m] Started ACPI Events Check.
[[0;32m  OK  [0m] Reached target Paths.
[[0;32m  OK  [0m] Listening on UUID daemon activation socket.
[[0;32m  OK  [0m] Listening on D-Bus System Message Bus Socket.
[[0;32m  OK  [0m] Started Daily apt download activities.
[[0;32m  OK  [0m] Started Daily apt upgrade and clean activities.
[[0;32m  OK  [0m] Started Message of the Day.
[[0;32m  OK  [0m] Started Daily Cleanup of Temporary Directories.
[[0;32m  OK  [0m] Started Discard unused blocks once a week.
[[0;32m  OK  [0m] Reached target Timers.
[[0;32m  OK  [0m] Listening on ACPID Listen Socket.
         Starting LXD - unix socket.
[[0;32m  OK  [0m] Reached target Network is Online.
[[0;32m  OK  [0m] Reached target Remote File Systems (Pre).
[[0;32m  OK  [0m] Reached target Remote File Systems.
         Starting Availability of block devices...
[[0;32m  OK  [0m] Listening on Socket activation for snappy daemon.
[[0;32m  OK  [0m] Listening on LXD - unix socket.
[[0;32m  OK  [0m] Reached target Sockets.
[[0;32m  OK  [0m] Reached target Basic System.
         Starting Dispatcher daemon for systemd-networkd...
         Starting LSB: Record successful boot for GRUB...
[[0;32m  OK  [0m] Started FUSE filesystem for LXC.
         Starting Virtualbox guest utils...
         Starting LSB: automatic crash report generation...
         Starting Accounts Service...
         Starting Permit User Sessions...
         Starting System Logging Service...
         Starting LXD - container startup/shutdown...
[[0;32m  OK  [0m] Started Regular background program processing daemon.
[[0;32m  OK  [0m] Started D-Bus System Message Bus.
[[0;32m  OK  [0m] Started irqbalance daemon.
         Starting Login Service...
         Starting Pollinate to seed the pseudo random number generator...
[[0;32m  OK  [0m] Started Deferred execution scheduler.
         Starting Snap Daemon...
[[0;32m  OK  [0m] Started System Logging Service.
[[0;32m  OK  [0m] Started Dispatcher daemon for systemd-networkd.
[[0;32m  OK  [0m] Started Availability of block devices.
[[0;32m  OK  [0m] Started Permit User Sessions.
[[0;32m  OK  [0m] Started LXD - container startup/shutdown.
[[0;32m  OK  [0m] Started Login Service.
[[0;32m  OK  [0m] Started Unattended Upgrades Shutdown.
         Starting Authorization Manager...
         Starting Terminate Plymouth Boot Screen...
         Starting Hold until boot process finishes up...
[[0;32m  OK  [0m] Started Hold until boot process finishes up.
[[0;32m  OK  [0m] Started Terminate Plymouth Boot Screen.
         Starting Set console scheme...
[[0;32m  OK  [0m] Started Serial Getty on ttyS0.
[[0;32m  OK  [0m] Started LSB: automatic crash report generation.
[[0;32m  OK  [0m] Started Set console scheme.
[[0;32m  OK  [0m] Created slice system-getty.slice.
[[0;32m  OK  [0m] Started Getty on tty1.
[[0;32m  OK  [0m] Reached target Login Prompts.
[[0;32m  OK  [0m] Started Authorization Manager.
[[0;32m  OK  [0m] Started Accounts Service.
[[0;32m  OK  [0m] Started Virtualbox guest utils.
[[0;32m  OK  [0m] Started LSB: Record successful boot for GRUB.
[[0;32m  OK  [0m] Started Snap Daemon.
         Starting Wait until snapd is fully seeded...
[[0;32m  OK  [0m] Started Pollinate to seed the pseudo random number generator.
         Starting OpenBSD Secure Shell server...
[[0;32m  OK  [0m] Started OpenBSD Secure Shell server.
[[0;32m  OK  [0m] Created slice User Slice of vagrant.
         Starting User Manager for UID 1000...
[[0;32m  OK  [0m] Started Session 1 of user vagrant.
[[0;32m  OK  [0m] Started User Manager for UID 1000.
[[0;32m  OK  [0m] Started Wait until snapd is fully seeded.
         Starting Apply the settings specified in cloud-config...
[[0;32m  OK  [0m] Reached target Multi-User System.
[[0;32m  OK  [0m] Reached target Graphical Interface.
         Starting Update UTMP about System Runlevel Changes...
[[0;32m  OK  [0m] Started Update UTMP about System Runlevel Changes.
[   15.058667] cloud-init[1285]: Cloud-init v. 20.4-0ubuntu1~18.04.1 running 'modules:config' at Wed, 06 Jan 2021 12:15:12 +0000. Up 14.71 seconds.
[[0;32m  OK  [0m] Started Apply the settings specified in cloud-config.
         Starting Execute cloud user/final scripts...
ci-info: no authorized SSH keys fingerprints found for user ubuntu.
<14>Jan  6 12:15:13 ec2: 
<14>Jan  6 12:15:13 ec2: #############################################################
<14>Jan  6 12:15:13 ec2: -----BEGIN SSH HOST KEY FINGERPRINTS-----
<14>Jan  6 12:15:13 ec2: 1024 SHA256:xT8NtG0N3oghoPWvN2HIPQ/U9iv/jb6j4wAISY1h34U root@ubuntu-bionic (DSA)
<14>Jan  6 12:15:13 ec2: 256 SHA256:sJ7/+BVsVJrmg1bfu8DBG7LmZkmuVdy83URmsxKyshE root@ubuntu-bionic (ECDSA)
<14>Jan  6 12:15:13 ec2: 256 SHA256:y5/xEbIyVA3XunVQnRZw8dGDKv99E6JbzTSeU6DGYno root@ubuntu-bionic (ED25519)
<14>Jan  6 12:15:13 ec2: 2048 SHA256:zAnsYFEWSSLC+OmCh7WzpG/a0+iH6job/MTPa2dY8FQ root@ubuntu-bionic (RSA)
<14>Jan  6 12:15:13 ec2: -----END SSH HOST KEY FINGERPRINTS-----
<14>Jan  6 12:15:13 ec2: #############################################################
-----BEGIN SSH HOST KEY KEYS-----
ecdsa-sha2-nistp256 AAAAE2VjZHNhLXNoYTItbmlzdHAyNTYAAAAIbmlzdHAyNTYAAABBBNEZF6ocY/aApcIlSKksyma3XoMsh0vMq743Pxdid1v/MwJQMzZ+dl+PUvqUXdbwkVzEuxi7CrV1SQLuQxboFt8= root@ubuntu-bionic
ssh-ed25519 AAAAC3NzaC1lZDI1NTE5AAAAINUe4L3BcsxIejhw+Hn0b93Mili+MMVU8MxLmE7UIILO root@ubuntu-bionic
ssh-rsa AAAAB3NzaC1yc2EAAAADAQABAAABAQC/xaWwojTiPIthYFlT6InBSF/FoACTb5nVYn0zCCTDudLCPL1UejBnmW4u01tSJ4aWeBRlyQuiyCSI+LnY2uudZWwtyr6Zzd+IcA55l/aFu8DYbEoBzyMLHDO3A3t2IXXmMjCofLHDE2H67HyC7Dn/94NtBn3x8aBi7sPA9ymVNHPUhE03e1kc1MIcQJ/qZ7boWL1LilGoXfq8bglmkAuf0QIXtZMZWoWx6f42ZfhHEj3wVPuWKw3IhmC1C5S4PwbHTi0FdrJzSVlRpCJtvpGBpkz92mmHM0VcKq1NRGSdUr3HAVTgHx7fi0Jrp3Pf2hRe8wKJvdlRjjHvp/Sr/yaV root@ubuntu-bionic
-----END SSH HOST KEY KEYS-----
[   15.577171] cloud-init[1414]: Cloud-init v. 20.4-0ubuntu1~18.04.1 running 'modules:final' at Wed, 06 Jan 2021 12:15:13 +0000. Up 15.43 seconds.
[   15.578873] cloud-init[1414]: ci-info: no authorized SSH keys fingerprints found for user ubuntu.
[   15.580373] cloud-init[1414]: Cloud-init v. 20.4-0ubuntu1~18.04.1 finished at Wed, 06 Jan 2021 12:15:13 +0000. Datasource DataSourceNoCloud [seed=/dev/sdb][dsmode=net].  Up 15.56 seconds
[[0;32m  OK  [0m] Started Execute cloud user/final scripts.
[[0;32m  OK  [0m] Reached target Cloud-init target.

Ubuntu 18.04.5 LTS ubuntu-bionic ttyS0

ubuntu-bionic login: 